<?xml version="1.0" encoding="UTF-8"?>
<!-- Generated by org.testng.reporters.JUnitReportReporter -->
<testsuite skipped="0" hostname="DESKTOP-FS0PAI2" name="TestNgTutorials.TestNgBasic" tests="3" failures="0" timestamp="26 Aug 2021 06:48:23 GMT" time="0.024" errors="0">
  <testcase name="welcometoapps" time="0.016" classname="TestNgTutorials.TestNgBasic"/>
  <testcase name="logintoapps" time="0.000" classname="TestNgTutorials.TestNgBasic"/>
  <testcase name="logoutofapps" time="0.008" classname="TestNgTutorials.TestNgBasic"/>
</testsuite> <!-- TestNgTutorials.TestNgBasic -->
