<?xml version="1.0" encoding="UTF-8"?>
<!-- Generated by org.testng.reporters.JUnitReportReporter -->
<testsuite skipped="0" hostname="DESKTOP-FS0PAI2" name="TestNgTutorial2.testngfeatures" tests="11" failures="0" timestamp="27 Aug 2021 16:49:23 GMT" time="0.046" errors="0">
  <testcase name="logintest" time="0.000" classname="TestNgTutorial2.testngfeatures"/>
  <testcase name="homepage" time="0.000" classname="TestNgTutorial2.testngfeatures"/>
  <testcase name="logintest" time="0.000" classname="TestNgTutorial2.testngfeatures"/>
  <testcase name="logintest" time="0.016" classname="TestNgTutorial2.testngfeatures"/>
  <testcase name="logintest" time="0.000" classname="TestNgTutorial2.testngfeatures"/>
  <testcase name="logintest" time="0.000" classname="TestNgTutorial2.testngfeatures"/>
  <testcase name="logintest" time="0.000" classname="TestNgTutorial2.testngfeatures"/>
  <testcase name="logintest" time="0.000" classname="TestNgTutorial2.testngfeatures"/>
  <testcase name="logintest" time="0.000" classname="TestNgTutorial2.testngfeatures"/>
  <testcase name="logintest" time="0.015" classname="TestNgTutorial2.testngfeatures"/>
  <testcase name="logintest" time="0.015" classname="TestNgTutorial2.testngfeatures"/>
</testsuite> <!-- TestNgTutorial2.testngfeatures -->
