<?xml version="1.0" encoding="UTF-8"?>
<!-- Generated by org.testng.reporters.JUnitReportReporter -->
<testsuite skipped="0" hostname="DESKTOP-FS0PAI2" name="TestNgTutorials.crossbrowsertesting" tests="2" failures="0" timestamp="28 Aug 2021 05:35:33 GMT" time="32.523" errors="0">
  <testcase name="verifypagetitle" time="14.650" classname="TestNgTutorials.crossbrowsertesting"/>
  <testcase name="verifypagetitle" time="17.873" classname="TestNgTutorials.crossbrowsertesting"/>
</testsuite> <!-- TestNgTutorials.crossbrowsertesting -->
