<?xml version="1.0" encoding="UTF-8"?>
<!-- Generated by org.testng.reporters.JUnitReportReporter -->
<testsuite skipped="0" hostname="DESKTOP-FS0PAI2" name="TestNgTutorials.verifyerrormsg" tests="1" failures="0" timestamp="26 Aug 2021 09:39:13 GMT" time="22.828" errors="0">
  <testcase name="errormsg" time="22.828" classname="TestNgTutorials.verifyerrormsg"/>
</testsuite> <!-- TestNgTutorials.verifyerrormsg -->
