<?xml version="1.0" encoding="UTF-8"?>
<!-- Generated by org.testng.reporters.JUnitReportReporter -->
<testsuite skipped="0" hostname="DESKTOP-FS0PAI2" name="TestNgTutorials.verifytitle" tests="1" failures="0" timestamp="26 Aug 2021 09:07:49 GMT" time="19.104" errors="0">
  <testcase name="verifyapp" time="19.104" classname="TestNgTutorials.verifytitle"/>
</testsuite> <!-- TestNgTutorials.verifytitle -->
