<?xml version="1.0" encoding="UTF-8"?>
<!-- Generated by org.testng.reporters.JUnitReportReporter -->
<testsuite skipped="0" hostname="DESKTOP-FS0PAI2" name="TestNgTutorial2.anotations" tests="2" failures="0" timestamp="27 Aug 2021 16:36:07 GMT" time="0.031" errors="0">
  <testcase name="googletitile" time="0.015" classname="TestNgTutorial2.anotations"/>
  <testcase name="googlesearch" time="0.016" classname="TestNgTutorial2.anotations"/>
</testsuite> <!-- TestNgTutorial2.anotations -->
